Using pre-set license
Built from '2020.3/staging' branch; Version is '2020.3.8f1 (507919d4fff5) revision 5273881'; Using compiler version '192528614'; Build Type 'Release'
OS: 'Windows 10 Pro; OS build 19042.1052; Version 2009; 64bit' Language: 'ko' Physical Memory: 8052 MB
BatchMode: 1, IsHumanControllingUs: 0, StartBugReporterOnCrash: 0, Is64bit: 1, IsPro: 0

 COMMAND LINE ARGUMENTS:
C:\Program Files\Unity\Hub\Editor\2020.3.8f1\Editor\Unity.exe
-adb2
-batchMode
-noUpm
-name
AssetImportWorker0
-projectPath
C:/Users/giduo/OneDrive/바탕 화면/git/Fight Game Project
-logFile
Logs/AssetImportWorker0.log
-srvPort
7365
Successfully changed project path to: C:/Users/giduo/OneDrive/바탕 화면/git/Fight Game Project
C:/Users/giduo/OneDrive/바탕 화면/git/Fight Game Project
Using Asset Import Pipeline V2.
Refreshing native plugins compatible for Editor in 34.60 ms, found 0 plugins.
Preloading 0 native plugins for Editor in 0.00 ms.
Initialize engine version: 2020.3.8f1 (507919d4fff5)
[Subsystems] Discovering subsystems at path C:/Program Files/Unity/Hub/Editor/2020.3.8f1/Editor/Data/Resources/UnitySubsystems
[Subsystems] Discovering subsystems at path C:/Users/giduo/OneDrive/바탕 화면/git/Fight Game Project/Assets
GfxDevice: creating device client; threaded=0
Direct3D:
    Version:  Direct3D 11.0 [level 11.1]
    Renderer: Intel(R) UHD Graphics 620 (ID=0x3ea0)
    Vendor:   
    VRAM:     4026 MB
    Driver:   26.20.100.7324
Initialize mono
Mono path[0] = 'C:/Program Files/Unity/Hub/Editor/2020.3.8f1/Editor/Data/Managed'
Mono path[1] = 'C:/Program Files/Unity/Hub/Editor/2020.3.8f1/Editor/Data/MonoBleedingEdge/lib/mono/unityjit'
Mono config path = 'C:/Program Files/Unity/Hub/Editor/2020.3.8f1/Editor/Data/MonoBleedingEdge/etc'
Using monoOptions --debugger-agent=transport=dt_socket,embedding=1,server=y,suspend=n,address=127.0.0.1:56924
Begin MonoManager ReloadAssembly
Registering precompiled unity dll's ...
Register platform support module: C:/Program Files/Unity/Hub/Editor/2020.3.8f1/Editor/Data/PlaybackEngines/WindowsStandaloneSupport/UnityEditor.WindowsStandalone.Extensions.dll
Registered in 0.002435 seconds.
Native extension for WindowsStandalone target not found
Refreshing native plugins compatible for Editor in 31.16 ms, found 0 plugins.
Preloading 0 native plugins for Editor in 0.00 ms.
Mono: successfully reloaded assembly
- Completed reload, in  2.399 seconds
Platform modules already initialized, skipping
Registering precompiled user dll's ...
Registered in 0.000892 seconds.
Begin MonoManager ReloadAssembly
Native extension for WindowsStandalone target not found
Refreshing native plugins compatible for Editor in 0.25 ms, found 0 plugins.
Preloading 0 native plugins for Editor in 0.00 ms.
Mono: successfully reloaded assembly
- Completed reload, in  1.013 seconds
Platform modules already initialized, skipping
========================================================================
Worker process is ready to serve import requests
Launched and connected shader compiler UnityShaderCompiler.exe after 0.07 seconds
Refreshing native plugins compatible for Editor in 0.21 ms, found 0 plugins.
Preloading 0 native plugins for Editor in 0.00 ms.
Unloading 1115 Unused Serialized files (Serialized files now loaded: 0)
System memory in use before: 57.1 MB.
System memory in use after: 57.2 MB.

Unloading 10 unused Assets to reduce memory usage. Loaded Objects now: 1557.
Total: 2.037600 ms (FindLiveObjects: 0.143100 ms CreateObjectMapping: 0.027800 ms MarkObjects: 1.744600 ms  DeleteObjects: 0.120800 ms)

========================================================================
Received Import Request.
  path: Assets/Scenes
  artifactKey: Guid(3733b3248886c634895a6928213d4c20) Importer(815301076,1909f56bfc062723c751e8b465ee728b)
Start importing Assets/Scenes using Guid(3733b3248886c634895a6928213d4c20) Importer(815301076,1909f56bfc062723c751e8b465ee728b)  -> (artifact id: '2aeba6096e31cbf629670ab8e7d3491d') in 0.011271 seconds
  Import took 0.014829 seconds .

========================================================================
Received Import Request.
  Time since last request: 17.669480 seconds.
  path: Assets/Scenes/BattleScene.unity
  artifactKey: Guid(97cfb127994d7bd42bbbc4d4464384da) Importer(815301076,1909f56bfc062723c751e8b465ee728b)
Start importing Assets/Scenes/BattleScene.unity using Guid(97cfb127994d7bd42bbbc4d4464384da) Importer(815301076,1909f56bfc062723c751e8b465ee728b)  -> (artifact id: 'bf556789551dedbddc81486b0341d618') in 0.023960 seconds
  Import took 0.027254 seconds .

========================================================================
Received Import Request.
  Time since last request: 156.122040 seconds.
  path: Assets
  artifactKey: Guid(00000000000000001000000000000000) Importer(815301076,1909f56bfc062723c751e8b465ee728b)
Start importing Assets using Guid(00000000000000001000000000000000) Importer(815301076,1909f56bfc062723c751e8b465ee728b)  -> (artifact id: '42d402b061de3733987d63b9cc3b64de') in 0.012989 seconds
  Import took 0.026609 seconds .

========================================================================
Received Import Request.
  Time since last request: 6.489569 seconds.
  path: Assets/Materials
  artifactKey: Guid(e3ea556de0683e649a69a519193eab20) Importer(815301076,1909f56bfc062723c751e8b465ee728b)
Start importing Assets/Materials using Guid(e3ea556de0683e649a69a519193eab20) Importer(815301076,1909f56bfc062723c751e8b465ee728b)  -> (artifact id: '6b49037114bcdd75eb80c6b3d91dc54b') in 0.012841 seconds
  Import took 0.016789 seconds .

========================================================================
Received Import Request.
  Time since last request: 611.524368 seconds.
  path: Assets/Scripts
  artifactKey: Guid(c69a3e500c4c5494ca4d6fe059b5264e) Importer(815301076,1909f56bfc062723c751e8b465ee728b)
Start importing Assets/Scripts using Guid(c69a3e500c4c5494ca4d6fe059b5264e) Importer(815301076,1909f56bfc062723c751e8b465ee728b)  -> (artifact id: '3faaf3049755290b2995ccca1f83c3b7') in 0.011824 seconds
  Import took 0.024846 seconds .

========================================================================
Received Import Request.
  Time since last request: 8.623627 seconds.
  path: Assets/Scripts/PlayerMove.cs
  artifactKey: Guid(f578b420b4c5a5b4d8093908e8f38587) Importer(815301076,1909f56bfc062723c751e8b465ee728b)
Start importing Assets/Scripts/PlayerMove.cs using Guid(f578b420b4c5a5b4d8093908e8f38587) Importer(815301076,1909f56bfc062723c751e8b465ee728b)  -> (artifact id: '023e5028363a9cc16cb7bd9b9c7d32fb') in 0.082380 seconds
  Import took 0.085265 seconds .

========================================================================
Received Prepare
Registering precompiled user dll's ...
Registered in 0.045293 seconds.
Begin MonoManager ReloadAssembly
Native extension for WindowsStandalone target not found
Refreshing native plugins compatible for Editor in 0.65 ms, found 0 plugins.
Preloading 0 native plugins for Editor in 0.00 ms.
Mono: successfully reloaded assembly
- Completed reload, in  7.423 seconds
Platform modules already initialized, skipping
Refreshing native plugins compatible for Editor in 0.52 ms, found 0 plugins.
Preloading 0 native plugins for Editor in 0.00 ms.
Unloading 1111 Unused Serialized files (Serialized files now loaded: 0)
System memory in use before: 57.1 MB.
System memory in use after: 57.2 MB.

Unloading 5 unused Assets to reduce memory usage. Loaded Objects now: 1561.
Total: 6.135600 ms (FindLiveObjects: 0.334700 ms CreateObjectMapping: 0.131500 ms MarkObjects: 5.535700 ms  DeleteObjects: 0.130300 ms)

========================================================================
Received Prepare
Registering precompiled user dll's ...
Registered in 0.003890 seconds.
Begin MonoManager ReloadAssembly
Native extension for WindowsStandalone target not found
Refreshing native plugins compatible for Editor in 5.45 ms, found 0 plugins.
Preloading 0 native plugins for Editor in 0.00 ms.
Mono: successfully reloaded assembly
- Completed reload, in  5.188 seconds
Platform modules already initialized, skipping
Refreshing native plugins compatible for Editor in 0.42 ms, found 0 plugins.
Preloading 0 native plugins for Editor in 0.00 ms.
Unloading 1111 Unused Serialized files (Serialized files now loaded: 0)
System memory in use before: 57.1 MB.
System memory in use after: 57.2 MB.

Unloading 5 unused Assets to reduce memory usage. Loaded Objects now: 1564.
Total: 4.761400 ms (FindLiveObjects: 0.259800 ms CreateObjectMapping: 0.089600 ms MarkObjects: 4.276800 ms  DeleteObjects: 0.132300 ms)

========================================================================
Received Import Request.
  Time since last request: 580.559861 seconds.
  path: Assets/Scripts/PlayerMove.cs
  artifactKey: Guid(f578b420b4c5a5b4d8093908e8f38587) Importer(815301076,1909f56bfc062723c751e8b465ee728b)
Start importing Assets/Scripts/PlayerMove.cs using Guid(f578b420b4c5a5b4d8093908e8f38587) Importer(815301076,1909f56bfc062723c751e8b465ee728b)  -> (artifact id: '22f8e379be959c68142ea3c6f99a1eba') in 0.039525 seconds
  Import took 0.058694 seconds .

========================================================================
Received Prepare
Registering precompiled user dll's ...
Registered in 0.002288 seconds.
Begin MonoManager ReloadAssembly
Native extension for WindowsStandalone target not found
Refreshing native plugins compatible for Editor in 0.29 ms, found 0 plugins.
Preloading 0 native plugins for Editor in 0.00 ms.
Mono: successfully reloaded assembly
- Completed reload, in  1.311 seconds
Platform modules already initialized, skipping
Refreshing native plugins compatible for Editor in 0.44 ms, found 0 plugins.
Preloading 0 native plugins for Editor in 0.00 ms.
Unloading 1111 Unused Serialized files (Serialized files now loaded: 0)
System memory in use before: 57.2 MB.
System memory in use after: 57.3 MB.

Unloading 5 unused Assets to reduce memory usage. Loaded Objects now: 1567.
Total: 3.888300 ms (FindLiveObjects: 0.197500 ms CreateObjectMapping: 0.075900 ms MarkObjects: 3.537000 ms  DeleteObjects: 0.076000 ms)

========================================================================
Received Prepare
Registering precompiled user dll's ...
Registered in 0.001042 seconds.
Begin MonoManager ReloadAssembly
Native extension for WindowsStandalone target not found
Refreshing native plugins compatible for Editor in 0.23 ms, found 0 plugins.
Preloading 0 native plugins for Editor in 0.00 ms.
Mono: successfully reloaded assembly
- Completed reload, in  0.983 seconds
Platform modules already initialized, skipping
Refreshing native plugins compatible for Editor in 0.22 ms, found 0 plugins.
Preloading 0 native plugins for Editor in 0.00 ms.
Unloading 1111 Unused Serialized files (Serialized files now loaded: 0)
System memory in use before: 57.2 MB.
System memory in use after: 57.3 MB.

Unloading 5 unused Assets to reduce memory usage. Loaded Objects now: 1570.
Total: 1.931000 ms (FindLiveObjects: 0.161500 ms CreateObjectMapping: 0.034000 ms MarkObjects: 1.650000 ms  DeleteObjects: 0.084400 ms)

========================================================================
Received Prepare
Registering precompiled user dll's ...
Registered in 0.001653 seconds.
Begin MonoManager ReloadAssembly
Native extension for WindowsStandalone target not found
Refreshing native plugins compatible for Editor in 0.31 ms, found 0 plugins.
Preloading 0 native plugins for Editor in 0.00 ms.
Mono: successfully reloaded assembly
- Completed reload, in  1.361 seconds
Platform modules already initialized, skipping
Refreshing native plugins compatible for Editor in 0.33 ms, found 0 plugins.
Preloading 0 native plugins for Editor in 0.00 ms.
Unloading 1111 Unused Serialized files (Serialized files now loaded: 0)
System memory in use before: 57.2 MB.
System memory in use after: 57.3 MB.

Unloading 5 unused Assets to reduce memory usage. Loaded Objects now: 1573.
Total: 2.284900 ms (FindLiveObjects: 0.174600 ms CreateObjectMapping: 0.039300 ms MarkObjects: 2.005200 ms  DeleteObjects: 0.064200 ms)

========================================================================
Received Prepare
Registering precompiled user dll's ...
Registered in 0.004847 seconds.
Begin MonoManager ReloadAssembly
Native extension for WindowsStandalone target not found
Refreshing native plugins compatible for Editor in 0.22 ms, found 0 plugins.
Preloading 0 native plugins for Editor in 0.00 ms.
Mono: successfully reloaded assembly
- Completed reload, in  0.988 seconds
Platform modules already initialized, skipping
Refreshing native plugins compatible for Editor in 0.23 ms, found 0 plugins.
Preloading 0 native plugins for Editor in 0.00 ms.
Unloading 1111 Unused Serialized files (Serialized files now loaded: 0)
System memory in use before: 57.2 MB.
System memory in use after: 57.3 MB.

Unloading 5 unused Assets to reduce memory usage. Loaded Objects now: 1576.
Total: 2.116600 ms (FindLiveObjects: 0.142000 ms CreateObjectMapping: 0.036900 ms MarkObjects: 1.880100 ms  DeleteObjects: 0.056200 ms)

========================================================================
Received Import Request.
  Time since last request: 276.008650 seconds.
  path: Assets/Scripts/PlayerMove.cs
  artifactKey: Guid(f578b420b4c5a5b4d8093908e8f38587) Importer(815301076,1909f56bfc062723c751e8b465ee728b)
Start importing Assets/Scripts/PlayerMove.cs using Guid(f578b420b4c5a5b4d8093908e8f38587) Importer(815301076,1909f56bfc062723c751e8b465ee728b)  -> (artifact id: 'cd01f0aa2956050705e69a39a9a86359') in 0.012594 seconds
  Import took 0.017381 seconds .

========================================================================
Received Import Request.
  Time since last request: 0.001785 seconds.
  path: Assets/Scripts/PlayerMove.cs
  artifactKey: Guid(f578b420b4c5a5b4d8093908e8f38587) Importer(815301076,1909f56bfc062723c751e8b465ee728b)
Start importing Assets/Scripts/PlayerMove.cs using Guid(f578b420b4c5a5b4d8093908e8f38587) Importer(815301076,1909f56bfc062723c751e8b465ee728b)  -> (artifact id: 'cd01f0aa2956050705e69a39a9a86359') in 0.014724 seconds
  Import took 0.017765 seconds .

========================================================================
Received Import Request.
  Time since last request: 9.005983 seconds.
  path: Assets/Scripts/PlayerControl.cs
  artifactKey: Guid(f578b420b4c5a5b4d8093908e8f38587) Importer(815301076,1909f56bfc062723c751e8b465ee728b)
Start importing Assets/Scripts/PlayerControl.cs using Guid(f578b420b4c5a5b4d8093908e8f38587) Importer(815301076,1909f56bfc062723c751e8b465ee728b)  -> (artifact id: '754a5b2d77e26f66dc1d0a96d00ae6ae') in 0.042453 seconds
  Import took 0.047883 seconds .

========================================================================
Received Prepare
Registering precompiled user dll's ...
Registered in 0.005362 seconds.
Begin MonoManager ReloadAssembly
Native extension for WindowsStandalone target not found
Refreshing native plugins compatible for Editor in 0.43 ms, found 0 plugins.
Preloading 0 native plugins for Editor in 0.00 ms.
Mono: successfully reloaded assembly
- Completed reload, in  3.826 seconds
Platform modules already initialized, skipping
Refreshing native plugins compatible for Editor in 0.72 ms, found 0 plugins.
Preloading 0 native plugins for Editor in 0.00 ms.
Unloading 1111 Unused Serialized files (Serialized files now loaded: 0)
System memory in use before: 57.2 MB.
System memory in use after: 57.3 MB.

Unloading 5 unused Assets to reduce memory usage. Loaded Objects now: 1579.
Total: 13.113300 ms (FindLiveObjects: 0.558800 ms CreateObjectMapping: 0.101700 ms MarkObjects: 12.303000 ms  DeleteObjects: 0.145500 ms)

========================================================================
Received Import Request.
  Time since last request: 118.646525 seconds.
  path: Assets/Scripts/PlayerControl.cs
  artifactKey: Guid(f578b420b4c5a5b4d8093908e8f38587) Importer(815301076,1909f56bfc062723c751e8b465ee728b)
Start importing Assets/Scripts/PlayerControl.cs using Guid(f578b420b4c5a5b4d8093908e8f38587) Importer(815301076,1909f56bfc062723c751e8b465ee728b)  -> (artifact id: '3aafe9b136b38c1503f8c22bf071a725') in 0.015350 seconds
  Import took 0.019488 seconds .

========================================================================
Received Import Request.
  Time since last request: 0.000590 seconds.
  path: Assets/Scripts/PlayerControl.cs
  artifactKey: Guid(f578b420b4c5a5b4d8093908e8f38587) Importer(815301076,1909f56bfc062723c751e8b465ee728b)
Start importing Assets/Scripts/PlayerControl.cs using Guid(f578b420b4c5a5b4d8093908e8f38587) Importer(815301076,1909f56bfc062723c751e8b465ee728b)  -> (artifact id: '3aafe9b136b38c1503f8c22bf071a725') in 0.006516 seconds
  Import took 0.014694 seconds .

========================================================================
Received Prepare
Registering precompiled user dll's ...
Registered in 0.001174 seconds.
Begin MonoManager ReloadAssembly
Native extension for WindowsStandalone target not found
Refreshing native plugins compatible for Editor in 0.25 ms, found 0 plugins.
Preloading 0 native plugins for Editor in 0.00 ms.
Mono: successfully reloaded assembly
- Completed reload, in  1.053 seconds
Platform modules already initialized, skipping
Refreshing native plugins compatible for Editor in 0.27 ms, found 0 plugins.
Preloading 0 native plugins for Editor in 0.00 ms.
Unloading 1111 Unused Serialized files (Serialized files now loaded: 0)
System memory in use before: 57.2 MB.
System memory in use after: 57.3 MB.

Unloading 5 unused Assets to reduce memory usage. Loaded Objects now: 1582.
Total: 2.313200 ms (FindLiveObjects: 0.147800 ms CreateObjectMapping: 0.028400 ms MarkObjects: 2.063400 ms  DeleteObjects: 0.072400 ms)

========================================================================
Received Import Request.
  Time since last request: 43.894819 seconds.
  path: Assets/Scripts/Rotate.cs
  artifactKey: Guid(92e7e1cebcc98094fb5a7dcf979c9acf) Importer(815301076,1909f56bfc062723c751e8b465ee728b)
Start importing Assets/Scripts/Rotate.cs using Guid(92e7e1cebcc98094fb5a7dcf979c9acf) Importer(815301076,1909f56bfc062723c751e8b465ee728b)  -> (artifact id: 'd50bfe019ef54cc616910938818f3bc6') in 0.050104 seconds
  Import took 0.059724 seconds .

========================================================================
Received Prepare
Registering precompiled user dll's ...
Registered in 0.001343 seconds.
Begin MonoManager ReloadAssembly
Native extension for WindowsStandalone target not found
Refreshing native plugins compatible for Editor in 0.22 ms, found 0 plugins.
Preloading 0 native plugins for Editor in 0.00 ms.
Mono: successfully reloaded assembly
- Completed reload, in  1.016 seconds
Platform modules already initialized, skipping
Refreshing native plugins compatible for Editor in 0.47 ms, found 0 plugins.
Preloading 0 native plugins for Editor in 0.00 ms.
Unloading 1112 Unused Serialized files (Serialized files now loaded: 0)
System memory in use before: 57.2 MB.
System memory in use after: 57.3 MB.

Unloading 5 unused Assets to reduce memory usage. Loaded Objects now: 1586.
Total: 8.701400 ms (FindLiveObjects: 0.252200 ms CreateObjectMapping: 0.079800 ms MarkObjects: 8.302100 ms  DeleteObjects: 0.065300 ms)

========================================================================
Received Prepare
Registering precompiled user dll's ...
Registered in 0.002582 seconds.
Begin MonoManager ReloadAssembly
Native extension for WindowsStandalone target not found
Refreshing native plugins compatible for Editor in 0.40 ms, found 0 plugins.
Preloading 0 native plugins for Editor in 0.00 ms.
Mono: successfully reloaded assembly
- Completed reload, in  2.872 seconds
Platform modules already initialized, skipping
Refreshing native plugins compatible for Editor in 0.42 ms, found 0 plugins.
Preloading 0 native plugins for Editor in 0.00 ms.
Unloading 1112 Unused Serialized files (Serialized files now loaded: 0)
System memory in use before: 57.2 MB.
System memory in use after: 57.3 MB.

Unloading 5 unused Assets to reduce memory usage. Loaded Objects now: 1589.
Total: 4.155700 ms (FindLiveObjects: 0.288800 ms CreateObjectMapping: 0.097500 ms MarkObjects: 3.639000 ms  DeleteObjects: 0.128100 ms)

========================================================================
Received Import Request.
  Time since last request: 64.482779 seconds.
  path: Assets/Scripts/Rotate.cs
  artifactKey: Guid(92e7e1cebcc98094fb5a7dcf979c9acf) Importer(815301076,1909f56bfc062723c751e8b465ee728b)
Start importing Assets/Scripts/Rotate.cs using Guid(92e7e1cebcc98094fb5a7dcf979c9acf) Importer(815301076,1909f56bfc062723c751e8b465ee728b)  -> (artifact id: '3efcafb6720170d9414ccb610f70c627') in 0.018715 seconds
  Import took 0.025575 seconds .

========================================================================
Received Import Request.
  Time since last request: 145.482287 seconds.
  path: Assets/Scripts/PlayerControl.cs
  artifactKey: Guid(f578b420b4c5a5b4d8093908e8f38587) Importer(815301076,1909f56bfc062723c751e8b465ee728b)
Start importing Assets/Scripts/PlayerControl.cs using Guid(f578b420b4c5a5b4d8093908e8f38587) Importer(815301076,1909f56bfc062723c751e8b465ee728b)  -> (artifact id: 'e5a3844360596f9f33a32424194c151f') in 0.014342 seconds
  Import took 0.027078 seconds .

========================================================================
Received Prepare
Registering precompiled user dll's ...
Registered in 0.001766 seconds.
Begin MonoManager ReloadAssembly
Native extension for WindowsStandalone target not found
Refreshing native plugins compatible for Editor in 0.29 ms, found 0 plugins.
Preloading 0 native plugins for Editor in 0.00 ms.
Mono: successfully reloaded assembly
- Completed reload, in  1.456 seconds
Platform modules already initialized, skipping
Refreshing native plugins compatible for Editor in 0.29 ms, found 0 plugins.
Preloading 0 native plugins for Editor in 0.00 ms.
Unloading 1112 Unused Serialized files (Serialized files now loaded: 0)
System memory in use before: 57.3 MB.
System memory in use after: 57.3 MB.

Unloading 5 unused Assets to reduce memory usage. Loaded Objects now: 1592.
Total: 2.692500 ms (FindLiveObjects: 0.208700 ms CreateObjectMapping: 0.043500 ms MarkObjects: 2.368100 ms  DeleteObjects: 0.070800 ms)

========================================================================
Received Prepare
Registering precompiled user dll's ...
Registered in 0.001754 seconds.
Begin MonoManager ReloadAssembly
Native extension for WindowsStandalone target not found
Refreshing native plugins compatible for Editor in 0.25 ms, found 0 plugins.
Preloading 0 native plugins for Editor in 0.00 ms.
Mono: successfully reloaded assembly
- Completed reload, in  1.064 seconds
Platform modules already initialized, skipping
Refreshing native plugins compatible for Editor in 0.27 ms, found 0 plugins.
Preloading 0 native plugins for Editor in 0.00 ms.
Unloading 1112 Unused Serialized files (Serialized files now loaded: 0)
System memory in use before: 57.3 MB.
System memory in use after: 57.3 MB.

Unloading 5 unused Assets to reduce memory usage. Loaded Objects now: 1595.
Total: 1.924900 ms (FindLiveObjects: 0.130400 ms CreateObjectMapping: 0.030200 ms MarkObjects: 1.707300 ms  DeleteObjects: 0.055700 ms)

========================================================================
Received Prepare
Registering precompiled user dll's ...
Registered in 0.002142 seconds.
Begin MonoManager ReloadAssembly
Native extension for WindowsStandalone target not found
Refreshing native plugins compatible for Editor in 0.22 ms, found 0 plugins.
Preloading 0 native plugins for Editor in 0.00 ms.
Mono: successfully reloaded assembly
- Completed reload, in  0.934 seconds
Platform modules already initialized, skipping
Refreshing native plugins compatible for Editor in 0.35 ms, found 0 plugins.
Preloading 0 native plugins for Editor in 0.00 ms.
Unloading 1112 Unused Serialized files (Serialized files now loaded: 0)
System memory in use before: 57.3 MB.
System memory in use after: 57.3 MB.

Unloading 5 unused Assets to reduce memory usage. Loaded Objects now: 1598.
Total: 2.265600 ms (FindLiveObjects: 0.210400 ms CreateObjectMapping: 0.048700 ms MarkObjects: 1.941700 ms  DeleteObjects: 0.063300 ms)

========================================================================
Received Prepare
Registering precompiled user dll's ...
Registered in 0.003414 seconds.
Begin MonoManager ReloadAssembly
Native extension for WindowsStandalone target not found
Refreshing native plugins compatible for Editor in 0.25 ms, found 0 plugins.
Preloading 0 native plugins for Editor in 0.00 ms.
Mono: successfully reloaded assembly
- Completed reload, in  1.199 seconds
Platform modules already initialized, skipping
Refreshing native plugins compatible for Editor in 0.46 ms, found 0 plugins.
Preloading 0 native plugins for Editor in 0.00 ms.
Unloading 1112 Unused Serialized files (Serialized files now loaded: 0)
System memory in use before: 57.3 MB.
System memory in use after: 57.3 MB.

Unloading 5 unused Assets to reduce memory usage. Loaded Objects now: 1601.
Total: 2.837100 ms (FindLiveObjects: 0.207700 ms CreateObjectMapping: 0.059500 ms MarkObjects: 2.497200 ms  DeleteObjects: 0.071000 ms)

========================================================================
Received Prepare
Registering precompiled user dll's ...
Registered in 0.005716 seconds.
Begin MonoManager ReloadAssembly
Native extension for WindowsStandalone target not found
Refreshing native plugins compatible for Editor in 0.35 ms, found 0 plugins.
Preloading 0 native plugins for Editor in 0.00 ms.
Mono: successfully reloaded assembly
- Completed reload, in  1.637 seconds
Platform modules already initialized, skipping
Refreshing native plugins compatible for Editor in 0.32 ms, found 0 plugins.
Preloading 0 native plugins for Editor in 0.00 ms.
Unloading 1112 Unused Serialized files (Serialized files now loaded: 0)
System memory in use before: 57.3 MB.
System memory in use after: 57.4 MB.

Unloading 5 unused Assets to reduce memory usage. Loaded Objects now: 1604.
Total: 3.148200 ms (FindLiveObjects: 0.497900 ms CreateObjectMapping: 0.256800 ms MarkObjects: 2.307700 ms  DeleteObjects: 0.084400 ms)

========================================================================
Received Prepare
Registering precompiled user dll's ...
Registered in 0.003437 seconds.
Begin MonoManager ReloadAssembly
Native extension for WindowsStandalone target not found
Refreshing native plugins compatible for Editor in 0.28 ms, found 0 plugins.
Preloading 0 native plugins for Editor in 0.00 ms.
Mono: successfully reloaded assembly
- Completed reload, in  1.014 seconds
Platform modules already initialized, skipping
Refreshing native plugins compatible for Editor in 0.30 ms, found 0 plugins.
Preloading 0 native plugins for Editor in 0.00 ms.
Unloading 1112 Unused Serialized files (Serialized files now loaded: 0)
System memory in use before: 57.3 MB.
System memory in use after: 57.4 MB.

Unloading 5 unused Assets to reduce memory usage. Loaded Objects now: 1607.
Total: 2.795800 ms (FindLiveObjects: 0.212800 ms CreateObjectMapping: 0.044000 ms MarkObjects: 2.467400 ms  DeleteObjects: 0.070100 ms)

========================================================================
Received Prepare
Registering precompiled user dll's ...
Registered in 0.003732 seconds.
Begin MonoManager ReloadAssembly
Native extension for WindowsStandalone target not found
Refreshing native plugins compatible for Editor in 0.40 ms, found 0 plugins.
Preloading 0 native plugins for Editor in 0.00 ms.
Invalid AssetDatabase path: /Editor/EditorResources/cm_logo_sm.png. Use path relative to the project folder.
UnityEngine.StackTraceUtility:ExtractStackTrace ()
UnityEditor.AssetDatabase:LoadAssetAtPath<UnityEngine.Texture2D> (string)
Cinemachine.Editor.CinemachineSettings:get_CinemachineLogoTexture () (at Library/PackageCache/com.unity.cinemachine@2.6.5/Editor/Windows/CinemachineSettings.cs:205)
Cinemachine.Editor.CinemachineSettings:.cctor () (at Library/PackageCache/com.unity.cinemachine@2.6.5/Editor/Windows/CinemachineSettings.cs:237)
Cinemachine.CinemachineColliderPrefs:.cctor () (at Library/PackageCache/com.unity.cinemachine@2.6.5/Editor/Windows/CinemachineColliderPrefs.cs:61)
System.Runtime.CompilerServices.RuntimeHelpers:RunClassConstructor (System.RuntimeTypeHandle)
UnityEditor.EditorAssemblies:ProcessInitializeOnLoadAttributes (System.Type[])

[Library/PackageCache/com.unity.cinemachine@2.6.5/Editor/Windows/CinemachineSettings.cs line 205]

Mono: successfully reloaded assembly
- Completed reload, in  3.537 seconds
Platform modules already initialized, skipping
Refreshing native plugins compatible for Editor in 0.53 ms, found 0 plugins.
Preloading 0 native plugins for Editor in 0.00 ms.
Unloading 1258 Unused Serialized files (Serialized files now loaded: 0)
System memory in use before: 62.1 MB.
System memory in use after: 62.2 MB.

Unloading 6 unused Assets to reduce memory usage. Loaded Objects now: 1755.
Total: 5.722500 ms (FindLiveObjects: 0.411900 ms CreateObjectMapping: 0.150200 ms MarkObjects: 5.011700 ms  DeleteObjects: 0.145900 ms)

========================================================================
Received Prepare
Registering precompiled user dll's ...
Registered in 0.002194 seconds.
Begin MonoManager ReloadAssembly
Native extension for WindowsStandalone target not found
Refreshing native plugins compatible for Editor in 0.31 ms, found 0 plugins.
Preloading 0 native plugins for Editor in 0.00 ms.
Mono: successfully reloaded assembly
- Completed reload, in  1.036 seconds
Platform modules already initialized, skipping
Refreshing native plugins compatible for Editor in 0.23 ms, found 0 plugins.
Preloading 0 native plugins for Editor in 0.00 ms.
Unloading 1259 Unused Serialized files (Serialized files now loaded: 0)
System memory in use before: 62.2 MB.
System memory in use after: 62.3 MB.

Unloading 7 unused Assets to reduce memory usage. Loaded Objects now: 1759.
Total: 2.294700 ms (FindLiveObjects: 0.300800 ms CreateObjectMapping: 0.057400 ms MarkObjects: 1.839100 ms  DeleteObjects: 0.095000 ms)

========================================================================
Received Prepare
Registering precompiled user dll's ...
Registered in 0.008045 seconds.
Begin MonoManager ReloadAssembly
Native extension for WindowsStandalone target not found
Refreshing native plugins compatible for Editor in 1.34 ms, found 0 plugins.
Preloading 0 native plugins for Editor in 0.00 ms.
Mono: successfully reloaded assembly
- Completed reload, in 11.326 seconds
Platform modules already initialized, skipping
Refreshing native plugins compatible for Editor in 2.00 ms, found 0 plugins.
Preloading 0 native plugins for Editor in 0.00 ms.
Unloading 1258 Unused Serialized files (Serialized files now loaded: 0)
System memory in use before: 62.2 MB.
System memory in use after: 62.3 MB.

Unloading 7 unused Assets to reduce memory usage. Loaded Objects now: 1762.
Total: 61.051500 ms (FindLiveObjects: 0.992300 ms CreateObjectMapping: 0.288000 ms MarkObjects: 59.436800 ms  DeleteObjects: 0.325500 ms)

========================================================================
Received Prepare
Registering precompiled user dll's ...
Registered in 0.002028 seconds.
Begin MonoManager ReloadAssembly
Native extension for WindowsStandalone target not found
Refreshing native plugins compatible for Editor in 0.57 ms, found 0 plugins.
Preloading 0 native plugins for Editor in 0.00 ms.
Mono: successfully reloaded assembly
- Completed reload, in  2.593 seconds
Platform modules already initialized, skipping
Refreshing native plugins compatible for Editor in 0.70 ms, found 0 plugins.
Preloading 0 native plugins for Editor in 0.00 ms.
Unloading 1258 Unused Serialized files (Serialized files now loaded: 0)
System memory in use before: 62.2 MB.
System memory in use after: 62.3 MB.

Unloading 7 unused Assets to reduce memory usage. Loaded Objects now: 1765.
Total: 5.426100 ms (FindLiveObjects: 0.276600 ms CreateObjectMapping: 0.090800 ms MarkObjects: 4.922200 ms  DeleteObjects: 0.134000 ms)

========================================================================
Received Prepare
Registering precompiled user dll's ...
Registered in 0.001234 seconds.
Begin MonoManager ReloadAssembly
Native extension for WindowsStandalone target not found
Refreshing native plugins compatible for Editor in 0.27 ms, found 0 plugins.
Preloading 0 native plugins for Editor in 0.00 ms.
Mono: successfully reloaded assembly
- Completed reload, in  0.924 seconds
Platform modules already initialized, skipping
Refreshing native plugins compatible for Editor in 0.30 ms, found 0 plugins.
Preloading 0 native plugins for Editor in 0.00 ms.
Unloading 1258 Unused Serialized files (Serialized files now loaded: 0)
System memory in use before: 62.2 MB.
System memory in use after: 62.2 MB.

Unloading 7 unused Assets to reduce memory usage. Loaded Objects now: 1768.
Total: 2.067800 ms (FindLiveObjects: 0.163500 ms CreateObjectMapping: 0.033500 ms MarkObjects: 1.775300 ms  DeleteObjects: 0.094600 ms)

========================================================================
Received Import Request.
  Time since last request: 2612.716795 seconds.
  path: Assets/Images
  artifactKey: Guid(876ddfdf4636bf34abf0738095c6aeb3) Importer(815301076,1909f56bfc062723c751e8b465ee728b)
Start importing Assets/Images using Guid(876ddfdf4636bf34abf0738095c6aeb3) Importer(815301076,1909f56bfc062723c751e8b465ee728b)  -> (artifact id: '1c78a67849e80f7acc26261d5bef82c4') in 0.020582 seconds
  Import took 0.024116 seconds .

========================================================================
Received Import Request.
  Time since last request: 21.105864 seconds.
  path: Assets/Images/cenred.jpg
  artifactKey: Guid(e92a30cc094e2f84c96cdf4a0b9ff0fb) Importer(815301076,1909f56bfc062723c751e8b465ee728b)
Start importing Assets/Images/cenred.jpg using Guid(e92a30cc094e2f84c96cdf4a0b9ff0fb) Importer(815301076,1909f56bfc062723c751e8b465ee728b)  -> (artifact id: '4d6f434b80dfeef2413fa747444b5b13') in 0.102716 seconds
  Import took 0.106601 seconds .

========================================================================
Received Import Request.
  Time since last request: 9.849993 seconds.
  path: Assets/Images/center.jpg
  artifactKey: Guid(1597236e46be071479412042229a677a) Importer(815301076,1909f56bfc062723c751e8b465ee728b)
Start importing Assets/Images/center.jpg using Guid(1597236e46be071479412042229a677a) Importer(815301076,1909f56bfc062723c751e8b465ee728b)  -> (artifact id: 'f9402afac1b180038f9148e6c7eb90ad') in 0.044968 seconds
  Import took 0.048587 seconds .

========================================================================
Received Import Request.
  Time since last request: 5.241466 seconds.
  path: Assets/Images/dir stick.jpg
  artifactKey: Guid(55b3c1eb31ac022439f6fbdea3c8ac7d) Importer(815301076,1909f56bfc062723c751e8b465ee728b)
Start importing Assets/Images/dir stick.jpg using Guid(55b3c1eb31ac022439f6fbdea3c8ac7d) Importer(815301076,1909f56bfc062723c751e8b465ee728b)  -> (artifact id: '954f6ff0c09edb92cf8531cab39e9dbe') in 0.034172 seconds
  Import took 0.038661 seconds .

========================================================================
Received Import Request.
  Time since last request: 8.957110 seconds.
  path: Assets/Images/dir stick.jpg
  artifactKey: Guid(55b3c1eb31ac022439f6fbdea3c8ac7d) Importer(815301076,1909f56bfc062723c751e8b465ee728b)
Start importing Assets/Images/dir stick.jpg using Guid(55b3c1eb31ac022439f6fbdea3c8ac7d) Importer(815301076,1909f56bfc062723c751e8b465ee728b)  -> (artifact id: '9769545eb054be8c3ecb54f3017595de') in 0.073939 seconds
  Import took 0.078073 seconds .

========================================================================
Received Prepare
Registering precompiled user dll's ...
Registered in 0.001861 seconds.
Begin MonoManager ReloadAssembly
Native extension for WindowsStandalone target not found
Refreshing native plugins compatible for Editor in 0.42 ms, found 0 plugins.
Preloading 0 native plugins for Editor in 0.00 ms.
Mono: successfully reloaded assembly
- Completed reload, in  1.382 seconds
Platform modules already initialized, skipping
Refreshing native plugins compatible for Editor in 0.24 ms, found 0 plugins.
Preloading 0 native plugins for Editor in 0.00 ms.
Unloading 1292 Unused Serialized files (Serialized files now loaded: 0)
System memory in use before: 66.4 MB.
System memory in use after: 66.5 MB.

Unloading 7 unused Assets to reduce memory usage. Loaded Objects now: 1812.
Total: 1.989700 ms (FindLiveObjects: 0.148200 ms CreateObjectMapping: 0.034800 ms MarkObjects: 1.708900 ms  DeleteObjects: 0.096700 ms)

========================================================================
Received Import Request.
  Time since last request: 48.981586 seconds.
  path: Assets/Images/cenred.jpg
  artifactKey: Guid(e92a30cc094e2f84c96cdf4a0b9ff0fb) Importer(815301076,1909f56bfc062723c751e8b465ee728b)
Start importing Assets/Images/cenred.jpg using Guid(e92a30cc094e2f84c96cdf4a0b9ff0fb) Importer(815301076,1909f56bfc062723c751e8b465ee728b)  -> (artifact id: '9417159a5e408ebc0af9188b6c4eb24e') in 0.069375 seconds
  Import took 0.072442 seconds .

========================================================================
Received Import Request.
  Time since last request: 0.017876 seconds.
  path: Assets/Images/cenred.jpg
  artifactKey: Guid(e92a30cc094e2f84c96cdf4a0b9ff0fb) Importer(815301076,1909f56bfc062723c751e8b465ee728b)
Start importing Assets/Images/cenred.jpg using Guid(e92a30cc094e2f84c96cdf4a0b9ff0fb) Importer(815301076,1909f56bfc062723c751e8b465ee728b)  -> (artifact id: '9417159a5e408ebc0af9188b6c4eb24e') in 0.016884 seconds
  Import took 0.021129 seconds .

========================================================================
Received Import Request.
  Time since last request: 35.101536 seconds.
  path: Assets/Images/cenred.jpg
  artifactKey: Guid(e92a30cc094e2f84c96cdf4a0b9ff0fb) Importer(815301076,1909f56bfc062723c751e8b465ee728b)
Start importing Assets/Images/cenred.jpg using Guid(e92a30cc094e2f84c96cdf4a0b9ff0fb) Importer(815301076,1909f56bfc062723c751e8b465ee728b)  -> (artifact id: '36ab48fe1f51d09687c92ca907bd64b8') in 0.023063 seconds
  Import took 0.026816 seconds .

========================================================================
Received Import Request.
  Time since last request: 109.880755 seconds.
  path: Assets/Images/center.jpg
  artifactKey: Guid(1597236e46be071479412042229a677a) Importer(815301076,1909f56bfc062723c751e8b465ee728b)
Start importing Assets/Images/center.jpg using Guid(1597236e46be071479412042229a677a) Importer(815301076,1909f56bfc062723c751e8b465ee728b)  -> (artifact id: '95d7ee76b92caf83be39a320d009661f') in 0.033876 seconds
  Import took 0.037738 seconds .

========================================================================
Received Import Request.
  Time since last request: 727.464586 seconds.
  path: Assets/Images/CenRed.png
  artifactKey: Guid(f1f84e9c3bb144944a7ea7442300a352) Importer(815301076,1909f56bfc062723c751e8b465ee728b)
Start importing Assets/Images/CenRed.png using Guid(f1f84e9c3bb144944a7ea7442300a352) Importer(815301076,1909f56bfc062723c751e8b465ee728b)  -> (artifact id: '7e1592103c3c4ad0b937fe8ee0abc605') in 0.054977 seconds
  Import took 0.058494 seconds .

========================================================================
Received Import Request.
  Time since last request: 0.416531 seconds.
  path: Assets/Images/sitck.png
  artifactKey: Guid(a760e89c6369a184b8039edcd617b9a1) Importer(815301076,1909f56bfc062723c751e8b465ee728b)
Start importing Assets/Images/sitck.png using Guid(a760e89c6369a184b8039edcd617b9a1) Importer(815301076,1909f56bfc062723c751e8b465ee728b)  -> (artifact id: 'c19fe8a7a9527217eedd6b4a1459f87e') in 0.031614 seconds
  Import took 0.036271 seconds .

========================================================================
Received Import Request.
  Time since last request: 0.369631 seconds.
  path: Assets/Images/Center Cir.png
  artifactKey: Guid(f7bb48eb35a8c5d4dbdc434851019375) Importer(815301076,1909f56bfc062723c751e8b465ee728b)
Start importing Assets/Images/Center Cir.png using Guid(f7bb48eb35a8c5d4dbdc434851019375) Importer(815301076,1909f56bfc062723c751e8b465ee728b)  -> (artifact id: '57e018db7d5c5316abef84f96da3feeb') in 0.035350 seconds
  Import took 0.038987 seconds .

========================================================================
Received Import Request.
  Time since last request: 19.006529 seconds.
  path: Assets/Images/Center Cir.png
  artifactKey: Guid(f7bb48eb35a8c5d4dbdc434851019375) Importer(815301076,1909f56bfc062723c751e8b465ee728b)
Start importing Assets/Images/Center Cir.png using Guid(f7bb48eb35a8c5d4dbdc434851019375) Importer(815301076,1909f56bfc062723c751e8b465ee728b)  -> (artifact id: 'b33081d99a2f8dff66d036155a0d4236') in 0.052485 seconds
  Import took 0.056916 seconds .

========================================================================
Received Import Request.
  Time since last request: 239.501691 seconds.
  path: Assets/Images/CenRed.png
  artifactKey: Guid(f1f84e9c3bb144944a7ea7442300a352) Importer(815301076,1909f56bfc062723c751e8b465ee728b)
Start importing Assets/Images/CenRed.png using Guid(f1f84e9c3bb144944a7ea7442300a352) Importer(815301076,1909f56bfc062723c751e8b465ee728b)  -> (artifact id: '6fc0e045a6b52b64d98fd40e4e789693') in 0.044762 seconds
  Import took 0.047852 seconds .

========================================================================
Received Import Request.
  Time since last request: 0.017509 seconds.
  path: Assets/Images/CenRed.png
  artifactKey: Guid(f1f84e9c3bb144944a7ea7442300a352) Importer(815301076,1909f56bfc062723c751e8b465ee728b)
Start importing Assets/Images/CenRed.png using Guid(f1f84e9c3bb144944a7ea7442300a352) Importer(815301076,1909f56bfc062723c751e8b465ee728b)  -> (artifact id: '6fc0e045a6b52b64d98fd40e4e789693') in 0.072627 seconds
  Import took 0.075941 seconds .

========================================================================
Received Import Request.
  Time since last request: 5.955094 seconds.
  path: Assets/Images/sitck.png
  artifactKey: Guid(a760e89c6369a184b8039edcd617b9a1) Importer(815301076,1909f56bfc062723c751e8b465ee728b)
Start importing Assets/Images/sitck.png using Guid(a760e89c6369a184b8039edcd617b9a1) Importer(815301076,1909f56bfc062723c751e8b465ee728b)  -> (artifact id: 'e82518d011348d424595421c8fab821a') in 0.023786 seconds
  Import took 0.027513 seconds .

========================================================================
Received Prepare
Registering precompiled user dll's ...
Registered in 0.001070 seconds.
Begin MonoManager ReloadAssembly
Native extension for WindowsStandalone target not found
Refreshing native plugins compatible for Editor in 0.28 ms, found 0 plugins.
Preloading 0 native plugins for Editor in 0.00 ms.
Mono: successfully reloaded assembly
- Completed reload, in  0.951 seconds
Platform modules already initialized, skipping
Refreshing native plugins compatible for Editor in 0.25 ms, found 0 plugins.
Preloading 0 native plugins for Editor in 0.00 ms.
Unloading 1292 Unused Serialized files (Serialized files now loaded: 0)
System memory in use before: 66.4 MB.
System memory in use after: 66.5 MB.

Unloading 7 unused Assets to reduce memory usage. Loaded Objects now: 1821.
Total: 2.034500 ms (FindLiveObjects: 0.153400 ms CreateObjectMapping: 0.054400 ms MarkObjects: 1.758700 ms  DeleteObjects: 0.066900 ms)

========================================================================
Received Prepare
Registering precompiled user dll's ...
Registered in 0.002829 seconds.
Begin MonoManager ReloadAssembly
Native extension for WindowsStandalone target not found
Refreshing native plugins compatible for Editor in 0.26 ms, found 0 plugins.
Preloading 0 native plugins for Editor in 0.00 ms.
Mono: successfully reloaded assembly
- Completed reload, in  1.674 seconds
Platform modules already initialized, skipping
Refreshing native plugins compatible for Editor in 0.24 ms, found 0 plugins.
Preloading 0 native plugins for Editor in 0.00 ms.
Unloading 1292 Unused Serialized files (Serialized files now loaded: 0)
System memory in use before: 66.4 MB.
System memory in use after: 66.5 MB.

Unloading 7 unused Assets to reduce memory usage. Loaded Objects now: 1824.
Total: 2.309300 ms (FindLiveObjects: 0.266900 ms CreateObjectMapping: 0.072500 ms MarkObjects: 1.886500 ms  DeleteObjects: 0.078800 ms)

AssetImportWorkerClient::OnTransportError - code=2 error=End of file
